[debug] [2025-12-30T17:34:15.609Z] ----------------------------------------------------------------------
[debug] [2025-12-30T17:34:15.612Z] Command:       C:\Program Files\nodejs\node.exe C:\Users\Gilang\AppData\Roaming\npm\node_modules\firebase-tools\lib\bin\firebase.js init
[debug] [2025-12-30T17:34:15.613Z] CLI Version:   14.17.0
[debug] [2025-12-30T17:34:15.613Z] Platform:      win32
[debug] [2025-12-30T17:34:15.613Z] Node Version:  v22.19.0
[debug] [2025-12-30T17:34:15.613Z] Time:          Wed Dec 31 2025 01:34:15 GMT+0800 (Singapore Standard Time)
[debug] [2025-12-30T17:34:15.613Z] ----------------------------------------------------------------------
[debug] 
[debug] [2025-12-30T17:34:15.616Z] >>> [apiv2][query] GET https://firebase-public.firebaseio.com/cli.json [none]
[debug] [2025-12-30T17:34:15.678Z] > command requires scopes: ["email","openid","https://www.googleapis.com/auth/cloudplatformprojects.readonly","https://www.googleapis.com/auth/firebase","https://www.googleapis.com/auth/cloud-platform"]
[debug] [2025-12-30T17:34:15.679Z] > authorizing via signed-in user (gilangelangperkasa@gmail.com)
[info] 
     ######## #### ########  ######## ########     ###     ######  ########
     ##        ##  ##     ## ##       ##     ##  ##   ##  ##       ##
     ######    ##  ########  ######   ########  #########  ######  ######
     ##        ##  ##    ##  ##       ##     ## ##     ##       ## ##
     ##       #### ##     ## ######## ########  ##     ##  ######  ########

You're about to initialize a Firebase project in this directory:

  D:\project\DETECTIVE

[debug] [2025-12-30T17:34:16.406Z] <<< [apiv2][status] GET https://firebase-public.firebaseio.com/cli.json 200
[debug] [2025-12-30T17:34:16.407Z] <<< [apiv2][body] GET https://firebase-public.firebaseio.com/cli.json {"cloudBuildErrorAfter":1594252800000,"cloudBuildWarnAfter":1590019200000,"defaultNode10After":1594252800000,"minVersion":"3.0.5","node8DeploysDisabledAfter":1613390400000,"node8RuntimeDisabledAfter":1615809600000,"node8WarnAfter":1600128000000}
[info] 
=== Project Setup
[info] 
[info] First, let's associate this project directory with a Firebase project.
[info] You can create multiple project aliases by running firebase use --add, 
[info] but for now we'll just set up a default project.
[info] 
[debug] [2025-12-30T17:35:02.803Z] Checked if tokens are valid: false, expires at: 1766883181917
[debug] [2025-12-30T17:35:02.803Z] Checked if tokens are valid: false, expires at: 1766883181917
[debug] [2025-12-30T17:35:02.804Z] > refreshing access token with scopes: []
[debug] [2025-12-30T17:35:02.805Z] >>> [apiv2][query] POST https://www.googleapis.com/oauth2/v3/token [none]
[debug] [2025-12-30T17:35:02.805Z] >>> [apiv2][body] POST https://www.googleapis.com/oauth2/v3/token [omitted]
[debug] [2025-12-30T17:35:03.267Z] <<< [apiv2][status] POST https://www.googleapis.com/oauth2/v3/token 200
[debug] [2025-12-30T17:35:03.268Z] <<< [apiv2][body] POST https://www.googleapis.com/oauth2/v3/token [omitted]
[debug] [2025-12-30T17:35:03.277Z] >>> [apiv2][query] GET https://firebase.googleapis.com/v1beta1/projects pageSize=100
[debug] [2025-12-30T17:35:04.312Z] <<< [apiv2][status] GET https://firebase.googleapis.com/v1beta1/projects 200
[debug] [2025-12-30T17:35:04.313Z] <<< [apiv2][body] GET https://firebase.googleapis.com/v1beta1/projects [omitted]
